<?xml version="1.0" encoding="UTF-8"?>
<!-- Generated by org.testng.reporters.JUnitReportReporter -->
<testsuite hostname="prachi" failures="0" tests="1" name="AdvanceTesting.Kia" time="7.907" errors="0" timestamp="2024-05-09T08:57:45 IST" skipped="0">
  <testcase classname="AdvanceTesting.Kia" name="launch" time="7.907"/>
  <system-out>
    <![CDATA[KIa Launched successfully]]>
  </system-out>
</testsuite> <!-- AdvanceTesting.Kia -->
