<?xml version="1.0" encoding="UTF-8"?>
<!-- Generated by org.testng.reporters.JUnitReportReporter -->
<testsuite hostname="prachi" failures="0" tests="3" name="crossBrowser.TestScript" time="19.711" errors="0" timestamp="2024-05-15T09:19:28 IST" skipped="0">
  <testcase classname="crossBrowser.TestScript" name="launch" time="5.436"/>
  <system-out/>
  <testcase classname="crossBrowser.TestScript" name="launch" time="6.932"/>
  <system-out/>
  <testcase classname="crossBrowser.TestScript" name="launch" time="7.343"/>
  <system-out/>
</testsuite> <!-- crossBrowser.TestScript -->
