<?xml version="1.0" encoding="UTF-8"?>
<!-- Generated by org.testng.reporters.JUnitReportReporter -->
<testsuite hostname="prachi" failures="0" tests="2" name="AdvanceTesting.ConfigurationAnnotations" time="0.016" errors="0" timestamp="2024-05-10T09:19:31 IST" skipped="0">
  <testcase classname="AdvanceTesting.ConfigurationAnnotations" name="demo1" time="0.002"/>
  <system-out>
    <![CDATA[@Test(demo1), executed]]>
  </system-out>
  <testcase classname="AdvanceTesting.ConfigurationAnnotations" name="demo" time="0.014"/>
  <system-out>
    <![CDATA[@Test(demo), executed]]>
  </system-out>
</testsuite> <!-- AdvanceTesting.ConfigurationAnnotations -->
