<?xml version="1.0" encoding="UTF-8"?>
<!-- Generated by org.testng.reporters.JUnitReportReporter -->
<testsuite hostname="prachi" failures="0" tests="1" name="AdvanceTesting.BatchExecution" time="7.264" errors="0" timestamp="2024-05-09T08:54:32 IST" skipped="0">
  <testcase classname="AdvanceTesting.BatchExecution" name="launch" time="7.264"/>
  <system-out>
    <![CDATA[KIa Launched successfully]]>
  </system-out>
</testsuite> <!-- AdvanceTesting.BatchExecution -->
