<?xml version="1.0" encoding="UTF-8"?>
<!-- Generated by org.testng.reporters.JUnitReportReporter -->
<testsuite hostname="prachi" failures="0" tests="1" name="AdvanceTesting.Ferrari" time="6.052" errors="0" timestamp="2024-05-09T08:57:45 IST" skipped="0">
  <testcase classname="AdvanceTesting.Ferrari" name="launch" time="6.052"/>
  <system-out>
    <![CDATA[Ferrari Launched successfully]]>
  </system-out>
</testsuite> <!-- AdvanceTesting.Ferrari -->
